<?xml version="1.0" encoding="UTF-8"?>
<testng-results ignored="0" total="1" passed="1" failed="0" skipped="0">
  <reporter-output>
  </reporter-output>
  <suite started-at="2023-05-16T17:10:26 IST" name="Default suite" finished-at="2023-05-16T17:10:29 IST" duration-ms="2888">
    <groups>
    </groups>
    <test started-at="2023-05-16T17:10:26 IST" name="Default test" finished-at="2023-05-16T17:10:29 IST" duration-ms="2888">
      <class name="sampleProj.test_GET">
        <test-method signature="test_1()[pri:0, instance:sampleProj.test_GET@10d307f1]" started-at="2023-05-16T17:10:26 IST" name="test_1" finished-at="2023-05-16T17:10:29 IST" duration-ms="2815" status="PASS">
          <reporter-output>
          </reporter-output>
        </test-method> <!-- test_1 -->
      </class> <!-- sampleProj.test_GET -->
    </test> <!-- Default test -->
  </suite> <!-- Default suite -->
</testng-results>
